2018/11/24 16:20:17 INFO  - jmeter.util.JMeterUtils: Setting Locale to en_US 
2018/11/24 16:20:17 INFO  - jmeter.JMeter: Loading system properties from: D:\BJAuto\jmeter\jmeter-testproject\target\jmeter\bin\system.properties 
2018/11/24 16:20:17 INFO  - jmeter.JMeter: Copyright (c) 1998-2016 The Apache Software Foundation 
2018/11/24 16:20:17 INFO  - jmeter.JMeter: Version 3.1 r1770033 
2018/11/24 16:20:17 INFO  - jmeter.JMeter: java.version=1.8.0_40 
2018/11/24 16:20:17 INFO  - jmeter.JMeter: java.vm.name=Java HotSpot(TM) 64-Bit Server VM 
2018/11/24 16:20:17 INFO  - jmeter.JMeter: os.name=Windows 8.1 
2018/11/24 16:20:17 INFO  - jmeter.JMeter: os.arch=amd64 
2018/11/24 16:20:17 INFO  - jmeter.JMeter: os.version=6.3 
2018/11/24 16:20:17 INFO  - jmeter.JMeter: file.encoding=Cp1252 
2018/11/24 16:20:17 INFO  - jmeter.JMeter: Max memory     =514850816 
2018/11/24 16:20:17 INFO  - jmeter.JMeter: Available Processors =8 
2018/11/24 16:20:17 INFO  - jmeter.JMeter: Default Locale=English (United States) 
2018/11/24 16:20:17 INFO  - jmeter.JMeter: JMeter  Locale=English (United States) 
2018/11/24 16:20:17 INFO  - jmeter.JMeter: JMeterHome=D:\BJAuto\jmeter\jmeter-testproject\target\jmeter 
2018/11/24 16:20:17 INFO  - jmeter.JMeter: user.dir  =D:\BJAuto\jmeter\jmeter-testproject\target\jmeter\bin 
2018/11/24 16:20:17 INFO  - jmeter.JMeter: PWD       =D:\BJAuto\jmeter\jmeter-testproject\target\jmeter\bin 
2018/11/24 16:20:23 INFO  - jmeter.JMeter: IP: 192.168.33.1 Name: bjandial2l FullName: bjandial2l.ptcnet.ptc.com 
2018/11/24 16:20:23 INFO  - jmeter.services.FileServer: Default base='D:\BJAuto\jmeter\jmeter-testproject\target\jmeter\bin' 
2018/11/24 16:20:23 INFO  - jmeter.services.FileServer: Set new base='D:\BJAuto\jmeter\jmeter-testproject\target\jmeter\testFiles' 
2018/11/24 16:20:24 INFO  - jmeter.save.SaveService: Testplan (JMX) version: 2.2. Testlog (JTL) version: 2.2 
2018/11/24 16:20:24 INFO  - jmeter.save.SaveService: Using SaveService properties file encoding UTF-8 
2018/11/24 16:20:24 INFO  - jmeter.save.SaveService: Using SaveService properties version 3.1 
2018/11/24 16:20:24 INFO  - jmeter.save.SaveService: All converter versions present and correct 
2018/11/24 16:20:24 INFO  - jmeter.save.SaveService: Loading file: D:\BJAuto\jmeter\jmeter-testproject\target\jmeter\testFiles\HTTP Request10.jmx 
2018/11/24 16:20:24 INFO  - jmeter.protocol.http.sampler.HTTPSamplerBase: Parser for text/html is org.apache.jmeter.protocol.http.parser.LagartoBasedHtmlParser 
2018/11/24 16:20:24 INFO  - jmeter.protocol.http.sampler.HTTPSamplerBase: Parser for application/xhtml+xml is org.apache.jmeter.protocol.http.parser.LagartoBasedHtmlParser 
2018/11/24 16:20:24 INFO  - jmeter.protocol.http.sampler.HTTPSamplerBase: Parser for application/xml is org.apache.jmeter.protocol.http.parser.LagartoBasedHtmlParser 
2018/11/24 16:20:24 INFO  - jmeter.protocol.http.sampler.HTTPSamplerBase: Parser for text/xml is org.apache.jmeter.protocol.http.parser.LagartoBasedHtmlParser 
2018/11/24 16:20:24 INFO  - jmeter.protocol.http.sampler.HTTPSamplerBase: Parser for text/vnd.wap.wml is org.apache.jmeter.protocol.http.parser.RegexpHTMLParser 
2018/11/24 16:20:24 INFO  - jmeter.protocol.http.sampler.HTTPSamplerBase: Parser for text/css is org.apache.jmeter.protocol.http.parser.CssParser 
2018/11/24 16:20:24 INFO  - jmeter.JMeter: Creating summariser <summary> 
2018/11/24 16:20:24 INFO  - jmeter.engine.StandardJMeterEngine: Running the test! 
2018/11/24 16:20:24 INFO  - jmeter.samplers.SampleEvent: List of sample_variables: [] 
2018/11/24 16:20:24 INFO  - jmeter.samplers.SampleEvent: List of sample_variables: [] 
2018/11/24 16:20:24 INFO  - jmeter.engine.util.CompoundVariable: Note: Function class names must contain the string: '.functions.' 
2018/11/24 16:20:24 INFO  - jmeter.engine.util.CompoundVariable: Note: Function class names must not contain the string: '.gui.' 
2018/11/24 16:20:24 INFO  - jmeter.JMeter: Running test (1543056624180) 
2018/11/24 16:20:24 INFO  - jmeter.engine.StandardJMeterEngine: Starting ThreadGroup: 1 : Thread Group 
2018/11/24 16:20:24 INFO  - jmeter.engine.StandardJMeterEngine: Starting 10 threads for group Thread Group. 
2018/11/24 16:20:24 INFO  - jmeter.engine.StandardJMeterEngine: Thread will continue on error 
2018/11/24 16:20:24 INFO  - jmeter.threads.ThreadGroup: Starting thread group number 1 threads 10 ramp-up 1 perThread 100.0 delayedStart=false 
2018/11/24 16:20:24 INFO  - jmeter.threads.ThreadGroup: Started thread group number 1 
2018/11/24 16:20:24 INFO  - jmeter.engine.StandardJMeterEngine: All thread groups have been started 
2018/11/24 16:20:24 INFO  - jmeter.threads.JMeterThread: Thread started: Thread Group 1-1 
2018/11/24 16:20:24 INFO  - jmeter.protocol.http.sampler.HTTPHCAbstractImpl: Local host = bjandial2l 
2018/11/24 16:20:24 INFO  - jmeter.protocol.http.sampler.HTTPHC4Impl: HTTP request retry count = 0 
2018/11/24 16:20:24 INFO  - jmeter.samplers.SampleResult: Note: Sample TimeStamps are START times 
2018/11/24 16:20:24 INFO  - jmeter.samplers.SampleResult: sampleresult.default.encoding is set to ISO-8859-1 
2018/11/24 16:20:24 INFO  - jmeter.samplers.SampleResult: sampleresult.useNanoTime=true 
2018/11/24 16:20:24 INFO  - jmeter.samplers.SampleResult: sampleresult.nanoThreadSleep=5000 
2018/11/24 16:20:24 INFO  - jmeter.protocol.http.sampler.LazySchemeSocketFactory: Setting up HTTPS TrustAll Socket Factory 
2018/11/24 16:20:24 INFO  - jmeter.util.JsseSSLManager: Using default SSL protocol: TLS 
2018/11/24 16:20:24 INFO  - jmeter.util.JsseSSLManager: SSL session context: per-thread 
2018/11/24 16:20:24 INFO  - jmeter.threads.JMeterThread: Thread started: Thread Group 1-2 
2018/11/24 16:20:24 INFO  - jmeter.threads.JMeterThread: Thread started: Thread Group 1-3 
2018/11/24 16:20:24 INFO  - jmeter.util.SSLManager: JmeterKeyStore Location:  type JKS 
2018/11/24 16:20:24 INFO  - jmeter.util.SSLManager: KeyStore created OK 
2018/11/24 16:20:24 WARN  - jmeter.util.SSLManager: Keystore file not found, loading empty keystore 
2018/11/24 16:20:24 INFO  - jmeter.threads.JMeterThread: Thread started: Thread Group 1-4 
2018/11/24 16:20:24 INFO  - jmeter.threads.JMeterThread: Thread started: Thread Group 1-5 
2018/11/24 16:20:24 INFO  - jmeter.threads.JMeterThread: Thread started: Thread Group 1-6 
2018/11/24 16:20:24 INFO  - jmeter.threads.JMeterThread: Thread started: Thread Group 1-7 
2018/11/24 16:20:24 INFO  - jmeter.threads.JMeterThread: Thread started: Thread Group 1-8 
2018/11/24 16:20:25 INFO  - jmeter.threads.JMeterThread: Thread started: Thread Group 1-9 
2018/11/24 16:20:25 INFO  - jmeter.threads.JMeterThread: Thread started: Thread Group 1-10 
2018/11/24 16:20:26 INFO  - jmeter.threads.JMeterThread: Thread is done: Thread Group 1-5 
2018/11/24 16:20:26 INFO  - jmeter.threads.JMeterThread: Thread is done: Thread Group 1-1 
2018/11/24 16:20:26 INFO  - jmeter.threads.JMeterThread: Thread finished: Thread Group 1-5 
2018/11/24 16:20:26 INFO  - jmeter.threads.JMeterThread: Thread finished: Thread Group 1-1 
2018/11/24 16:20:26 INFO  - jmeter.threads.JMeterThread: Thread is done: Thread Group 1-3 
2018/11/24 16:20:26 INFO  - jmeter.threads.JMeterThread: Thread finished: Thread Group 1-3 
2018/11/24 16:20:26 INFO  - jmeter.threads.JMeterThread: Thread is done: Thread Group 1-4 
2018/11/24 16:20:26 INFO  - jmeter.threads.JMeterThread: Thread finished: Thread Group 1-4 
2018/11/24 16:20:26 INFO  - jmeter.threads.JMeterThread: Thread is done: Thread Group 1-2 
2018/11/24 16:20:26 INFO  - jmeter.threads.JMeterThread: Thread finished: Thread Group 1-2 
2018/11/24 16:20:26 INFO  - jmeter.threads.JMeterThread: Thread is done: Thread Group 1-6 
2018/11/24 16:20:26 INFO  - jmeter.threads.JMeterThread: Thread finished: Thread Group 1-6 
2018/11/24 16:20:26 INFO  - jmeter.threads.JMeterThread: Thread is done: Thread Group 1-7 
2018/11/24 16:20:26 INFO  - jmeter.threads.JMeterThread: Thread finished: Thread Group 1-7 
2018/11/24 16:20:26 INFO  - jmeter.threads.JMeterThread: Thread is done: Thread Group 1-8 
2018/11/24 16:20:26 INFO  - jmeter.threads.JMeterThread: Thread finished: Thread Group 1-8 
2018/11/24 16:20:26 INFO  - jmeter.threads.JMeterThread: Thread is done: Thread Group 1-9 
2018/11/24 16:20:26 INFO  - jmeter.threads.JMeterThread: Thread finished: Thread Group 1-9 
2018/11/24 16:20:26 INFO  - jmeter.threads.JMeterThread: Thread is done: Thread Group 1-10 
2018/11/24 16:20:26 INFO  - jmeter.threads.JMeterThread: Thread finished: Thread Group 1-10 
2018/11/24 16:20:26 INFO  - jmeter.engine.StandardJMeterEngine: Notifying test listeners of end of test 
2018/11/24 16:20:26 INFO  - jmeter.reporters.Summariser: summary =     10 in 00:00:02 =    4.4/s Avg:  1489 Min:  1312 Max:  1789 Err:     0 (0.00%) 
